\BOOKMARK [1][]{section.1}{1 Variables}{}% 1
\BOOKMARK [1][]{section.2}{2 \040root }{}% 2
\BOOKMARK [1][]{section.3}{3 \040physical }{}% 3
\BOOKMARK [1][]{section.4}{4 \040control }{}% 4
\BOOKMARK [1][]{section.5}{5 \040reactions }{}% 5
\BOOKMARK [1][]{section.6}{6 \040material }{}% 6
\BOOKMARK [1][]{section.7}{7 \040macroscopic }{}% 7
\BOOKMARK [1][]{section.8}{8 \040solid }{}% 8
\BOOKMARK [1][]{section.9}{9 \040fluid }{}% 9
\BOOKMARK [1][]{section.10}{10 \040liquid }{}% 10
\BOOKMARK [1][]{section.11}{11 \040gas }{}% 11
\BOOKMARK [1][]{section.12}{12 \040control\205control }{}% 12
\BOOKMARK [1][]{section.13}{13 \040gas\205liquid }{}% 13
\BOOKMARK [1][]{section.14}{14 \040gas\205gas }{}% 14
\BOOKMARK [1][]{section.15}{15 \040liquid\205liquid }{}% 15
\BOOKMARK [1][]{section.16}{16 \040gas\205solid }{}% 16
\BOOKMARK [1][]{section.17}{17 \040solid\205solid }{}% 17
\BOOKMARK [1][]{section.18}{18 \040liquid\205solid }{}% 18
\BOOKMARK [1][]{section.19}{19 \040material\205material }{}% 19
\BOOKMARK [1][]{section.20}{20 \040reactions\205reactions }{}% 20
\BOOKMARK [1][]{section.21}{21 \040control\205reactions }{}% 21
\BOOKMARK [1][]{section.22}{22 \040reactions\205control }{}% 22
\BOOKMARK [1][]{section.23}{23 \040control\205material }{}% 23
\BOOKMARK [1][]{section.24}{24 \040material\205control }{}% 24
\BOOKMARK [1][]{section.25}{25 \040control\205macroscopic }{}% 25
\BOOKMARK [1][]{section.26}{26 \040macroscopic\205control }{}% 26
\BOOKMARK [1][]{section.27}{27 \040reactions\205material }{}% 27
\BOOKMARK [1][]{section.28}{28 \040material\205reactions }{}% 28
\BOOKMARK [1][]{section.29}{29 \040reactions\205macroscopic }{}% 29
\BOOKMARK [1][]{section.30}{30 \040macroscopic\205reactions }{}% 30
\BOOKMARK [1][]{section.31}{31 \040material\205macroscopic }{}% 31
\BOOKMARK [1][]{section.32}{32 \040macroscopic\205material }{}% 32
\BOOKMARK [1][]{section.33}{33 Equations}{}% 33
\BOOKMARK [1][]{section.34}{34 \040Generic }{}% 34
